This is pdfTeX, Version 3.1415926-2.5-1.40.14 (MiKTeX 2.9 64-bit) (preloaded format=pdflatex 2014.10.22)  7 JUL 2015 19:18
entering extended mode
**Diss.tex
("C:\Talks and Posters\2015-xx-Diss\Diss\Diss.tex"
LaTeX2e <2011/06/27>
Babel <v3.8m> and hyphenation patterns for english, afrikaans, ancientgreek, arabic, armenian, assamese, basque, bengali
, bokmal, bulgarian, catalan, coptic, croatian, czech, danish, dutch, esperanto, estonian, farsi, finnish, french, galic
ian, german, german-x-2013-05-26, greek, gujarati, hindi, hungarian, icelandic, indonesian, interlingua, irish, italian,
 kannada, kurmanji, latin, latvian, lithuanian, malayalam, marathi, mongolian, mongolianlmc, monogreek, ngerman, ngerman
-x-2013-05-26, nynorsk, oriya, panjabi, pinyin, polish, portuguese, romanian, russian, sanskrit, serbian, slovak, sloven
ian, spanish, swedish, swissgerman, tamil, telugu, turkish, turkmen, ukenglish, ukrainian, uppersorbian, usenglishmax, w
elsh, loaded.
(C:\Users\default.Worklap\AppData\Roaming\MiKTeX\2.9\tex\latex\koma-script\scrbook.cls
Document Class: scrbook 2013/12/19 v3.12 KOMA-Script document class (book)
(C:\Users\default.Worklap\AppData\Roaming\MiKTeX\2.9\tex\latex\koma-script\scrkbase.sty
Package: scrkbase 2013/12/19 v3.12 KOMA-Script package (KOMA-Script-dependent basics and keyval usage)

(C:\Users\default.Worklap\AppData\Roaming\MiKTeX\2.9\tex\latex\koma-script\scrbase.sty
Package: scrbase 2013/12/19 v3.12 KOMA-Script package (KOMA-Script-independent basics and keyval usage)

("C:\Program Files\MiKTeX 2.9\tex\latex\graphics\keyval.sty"
Package: keyval 1999/03/16 v1.13 key=value parser (DPC)
\KV@toks@=\toks14
)
(C:\Users\default.Worklap\AppData\Roaming\MiKTeX\2.9\tex\latex\koma-script\scrlfile.sty
Package: scrlfile 2013/12/19 v3.12 KOMA-Script package (loading files)

Package scrlfile, 2013/12/19 v3.12 KOMA-Script package (loading files)
                  Copyright (C) Markus Kohm

))) (C:\Users\default.Worklap\AppData\Roaming\MiKTeX\2.9\tex\latex\koma-script\tocbasic.sty
Package: tocbasic 2013/12/19 v3.12 KOMA-Script package (handling toc-files)
)
Package tocbasic Info: omitting babel extension for `toc'
(tocbasic)             because of feature `nobabel' available
(tocbasic)             for `toc' on input line 117.
Package tocbasic Info: omitting babel extension for `lof'
(tocbasic)             because of feature `nobabel' available
(tocbasic)             for `lof' on input line 118.
Package tocbasic Info: omitting babel extension for `lot'
(tocbasic)             because of feature `nobabel' available
(tocbasic)             for `lot' on input line 119.
Package tocbasic Info: defining new hook before heading of `' on input line 1118.
Package scrbook Info: You've used standard option `12pt'.
(scrbook)             This is correct!
(scrbook)             Internally I'm using `fontsize=12pt'.
(scrbook)             If you'd like to set the option with \KOMAoptions,
(scrbook)             you'd have to use `fontsize=12pt' there
(scrbook)             instead of `12pt', too.
Class scrbook Info: You've used standard option `openany'.
(scrbook)           This is correct!
(scrbook)           Internally I'm using `open=any'.
(scrbook)           If you'd like to set the option with \KOMAoptions,
(scrbook)           you'd have to use `open=any' there
(scrbook)           instead of `openany', too.
Class scrbook Info: File `scrsize12pt.clo' used to setup font sizes on input line 1655.

(C:\Users\default.Worklap\AppData\Roaming\MiKTeX\2.9\tex\latex\koma-script\scrsize12pt.clo
File: scrsize12pt.clo 2013/12/19 v3.12 KOMA-Script font size class option (12pt)
)
(C:\Users\default.Worklap\AppData\Roaming\MiKTeX\2.9\tex\latex\koma-script\typearea.sty
Package: typearea 2013/12/19 v3.12 KOMA-Script package (type area)

Package typearea, 2013/12/19 v3.12 KOMA-Script package (type area)
                  Copyright (C) Frank Neukam, 1992-1994
                  Copyright (C) Markus Kohm, 1994-

\ta@bcor=\skip41
\ta@div=\count79
\ta@hblk=\skip42
\ta@vblk=\skip43
\ta@temp=\skip44
\footheight=\skip45
DIV calculation for typearea with good linewidth.
Package typearea Info: These are the values describing the layout:
(typearea)             DIV  = 9
(typearea)             BCOR = 45.5244pt
(typearea)             \paperwidth      = 597.50793pt
(typearea)              \textwidth      = 367.98904pt
(typearea)              DIV departure   = 5%
(typearea)              \evensidemargin = 50.393pt
(typearea)              \oddsidemargin  = 34.5859pt
(typearea)             \paperheight     = 845.04694pt
(typearea)              \textheight     = 534.0pt
(typearea)              \topmargin      = 21.62411pt
(typearea)              \headheight     = 18.125pt
(typearea)              \headsep        = 21.75pt
(typearea)              \topskip        = 12.0pt
(typearea)              \footskip       = 50.75pt
(typearea)              \baselineskip   = 14.5pt
(typearea)              on input line 1330.
)
\c@part=\count80
\c@chapter=\count81
\c@section=\count82
\c@subsection=\count83
\c@subsubsection=\count84
\c@paragraph=\count85
\c@subparagraph=\count86
\abovecaptionskip=\skip46
\belowcaptionskip=\skip47
\c@pti@nb@sid@b@x=\box26
\c@figure=\count87
\c@table=\count88
\bibindent=\dimen102
)
\@input{PDFAstuff.aux}
("C:\Talks and Posters\2015-xx-Diss\Diss\PDFAstuff.tex"
\countA=\count89

(C:\Users\default.Worklap\AppData\Roaming\MiKTeX\2.9\tex\latex\xmpincl\xmpincl.sty
Package: xmpincl 2008/05/10 v2.2 Include XMP data in pdflatex

("C:\Program Files\MiKTeX 2.9\tex\generic\oberdiek\ifpdf.sty"
Package: ifpdf 2011/01/30 v2.3 Provides the ifpdf switch (HO)
Package ifpdf Info: pdfTeX in PDF mode is detected.
) ("C:\Program Files\MiKTeX 2.9\tex\latex\base\ifthen.sty"
Package: ifthen 2001/05/26 v1.1c Standard LaTeX ifthen package (DPC)
))) ("C:\Program Files\MiKTeX 2.9\tex\latex\base\inputenc.sty"
Package: inputenc 2008/03/30 v1.1d Input encoding file
\inpenc@prehook=\toks15
\inpenc@posthook=\toks16
 ("C:\Program Files\MiKTeX 2.9\tex\latex\base\utf8.def"
File: utf8.def 2008/04/05 v1.1m UTF-8 support for inputenc
Now handling font encoding OML ...
... no UTF-8 mapping file for font encoding OML
Now handling font encoding T1 ...
... processing UTF-8 mapping file for font encoding T1

("C:\Program Files\MiKTeX 2.9\tex\latex\base\t1enc.dfu"
File: t1enc.dfu 2008/04/05 v1.1m UTF-8 support for inputenc
   defining Unicode char U+00A1 (decimal 161)
   defining Unicode char U+00A3 (decimal 163)
   defining Unicode char U+00AB (decimal 171)
   defining Unicode char U+00BB (decimal 187)
   defining Unicode char U+00BF (decimal 191)
   defining Unicode char U+00C0 (decimal 192)
   defining Unicode char U+00C1 (decimal 193)
   defining Unicode char U+00C2 (decimal 194)
   defining Unicode char U+00C3 (decimal 195)
   defining Unicode char U+00C4 (decimal 196)
   defining Unicode char U+00C5 (decimal 197)
   defining Unicode char U+00C6 (decimal 198)
   defining Unicode char U+00C7 (decimal 199)
   defining Unicode char U+00C8 (decimal 200)
   defining Unicode char U+00C9 (decimal 201)
   defining Unicode char U+00CA (decimal 202)
   defining Unicode char U+00CB (decimal 203)
   defining Unicode char U+00CC (decimal 204)
   defining Unicode char U+00CD (decimal 205)
   defining Unicode char U+00CE (decimal 206)
   defining Unicode char U+00CF (decimal 207)
   defining Unicode char U+00D0 (decimal 208)
   defining Unicode char U+00D1 (decimal 209)
   defining Unicode char U+00D2 (decimal 210)
   defining Unicode char U+00D3 (decimal 211)
   defining Unicode char U+00D4 (decimal 212)
   defining Unicode char U+00D5 (decimal 213)
   defining Unicode char U+00D6 (decimal 214)
   defining Unicode char U+00D8 (decimal 216)
   defining Unicode char U+00D9 (decimal 217)
   defining Unicode char U+00DA (decimal 218)
   defining Unicode char U+00DB (decimal 219)
   defining Unicode char U+00DC (decimal 220)
   defining Unicode char U+00DD (decimal 221)
   defining Unicode char U+00DE (decimal 222)
   defining Unicode char U+00DF (decimal 223)
   defining Unicode char U+00E0 (decimal 224)
   defining Unicode char U+00E1 (decimal 225)
   defining Unicode char U+00E2 (decimal 226)
   defining Unicode char U+00E3 (decimal 227)
   defining Unicode char U+00E4 (decimal 228)
   defining Unicode char U+00E5 (decimal 229)
   defining Unicode char U+00E6 (decimal 230)
   defining Unicode char U+00E7 (decimal 231)
   defining Unicode char U+00E8 (decimal 232)
   defining Unicode char U+00E9 (decimal 233)
   defining Unicode char U+00EA (decimal 234)
   defining Unicode char U+00EB (decimal 235)
   defining Unicode char U+00EC (decimal 236)
   defining Unicode char U+00ED (decimal 237)
   defining Unicode char U+00EE (decimal 238)
   defining Unicode char U+00EF (decimal 239)
   defining Unicode char U+00F0 (decimal 240)
   defining Unicode char U+00F1 (decimal 241)
   defining Unicode char U+00F2 (decimal 242)
   defining Unicode char U+00F3 (decimal 243)
   defining Unicode char U+00F4 (decimal 244)
   defining Unicode char U+00F5 (decimal 245)
   defining Unicode char U+00F6 (decimal 246)
   defining Unicode char U+00F8 (decimal 248)
   defining Unicode char U+00F9 (decimal 249)
   defining Unicode char U+00FA (decimal 250)
   defining Unicode char U+00FB (decimal 251)
   defining Unicode char U+00FC (decimal 252)
   defining Unicode char U+00FD (decimal 253)
   defining Unicode char U+00FE (decimal 254)
   defining Unicode char U+00FF (decimal 255)
   defining Unicode char U+0102 (decimal 258)
   defining Unicode char U+0103 (decimal 259)
   defining Unicode char U+0104 (decimal 260)
   defining Unicode char U+0105 (decimal 261)
   defining Unicode char U+0106 (decimal 262)
   defining Unicode char U+0107 (decimal 263)
   defining Unicode char U+010C (decimal 268)
   defining Unicode char U+010D (decimal 269)
   defining Unicode char U+010E (decimal 270)
   defining Unicode char U+010F (decimal 271)
   defining Unicode char U+0110 (decimal 272)
   defining Unicode char U+0111 (decimal 273)
   defining Unicode char U+0118 (decimal 280)
   defining Unicode char U+0119 (decimal 281)
   defining Unicode char U+011A (decimal 282)
   defining Unicode char U+011B (decimal 283)
   defining Unicode char U+011E (decimal 286)
   defining Unicode char U+011F (decimal 287)
   defining Unicode char U+0130 (decimal 304)
   defining Unicode char U+0131 (decimal 305)
   defining Unicode char U+0132 (decimal 306)
   defining Unicode char U+0133 (decimal 307)
   defining Unicode char U+0139 (decimal 313)
   defining Unicode char U+013A (decimal 314)
   defining Unicode char U+013D (decimal 317)
   defining Unicode char U+013E (decimal 318)
   defining Unicode char U+0141 (decimal 321)
   defining Unicode char U+0142 (decimal 322)
   defining Unicode char U+0143 (decimal 323)
   defining Unicode char U+0144 (decimal 324)
   defining Unicode char U+0147 (decimal 327)
   defining Unicode char U+0148 (decimal 328)
   defining Unicode char U+014A (decimal 330)
   defining Unicode char U+014B (decimal 331)
   defining Unicode char U+0150 (decimal 336)
   defining Unicode char U+0151 (decimal 337)
   defining Unicode char U+0152 (decimal 338)
   defining Unicode char U+0153 (decimal 339)
   defining Unicode char U+0154 (decimal 340)
   defining Unicode char U+0155 (decimal 341)
   defining Unicode char U+0158 (decimal 344)
   defining Unicode char U+0159 (decimal 345)
   defining Unicode char U+015A (decimal 346)
   defining Unicode char U+015B (decimal 347)
   defining Unicode char U+015E (decimal 350)
   defining Unicode char U+015F (decimal 351)
   defining Unicode char U+0160 (decimal 352)
   defining Unicode char U+0161 (decimal 353)
   defining Unicode char U+0162 (decimal 354)
   defining Unicode char U+0163 (decimal 355)
   defining Unicode char U+0164 (decimal 356)
   defining Unicode char U+0165 (decimal 357)
   defining Unicode char U+016E (decimal 366)
   defining Unicode char U+016F (decimal 367)
   defining Unicode char U+0170 (decimal 368)
   defining Unicode char U+0171 (decimal 369)
   defining Unicode char U+0178 (decimal 376)
   defining Unicode char U+0179 (decimal 377)
   defining Unicode char U+017A (decimal 378)
   defining Unicode char U+017B (decimal 379)
   defining Unicode char U+017C (decimal 380)
   defining Unicode char U+017D (decimal 381)
   defining Unicode char U+017E (decimal 382)
   defining Unicode char U+200C (decimal 8204)
   defining Unicode char U+2013 (decimal 8211)
   defining Unicode char U+2014 (decimal 8212)
   defining Unicode char U+2018 (decimal 8216)
   defining Unicode char U+2019 (decimal 8217)
   defining Unicode char U+201A (decimal 8218)
   defining Unicode char U+201C (decimal 8220)
   defining Unicode char U+201D (decimal 8221)
   defining Unicode char U+201E (decimal 8222)
   defining Unicode char U+2030 (decimal 8240)
   defining Unicode char U+2031 (decimal 8241)
   defining Unicode char U+2039 (decimal 8249)
   defining Unicode char U+203A (decimal 8250)
   defining Unicode char U+2423 (decimal 9251)
)
Now handling font encoding OT1 ...
... processing UTF-8 mapping file for font encoding OT1
 ("C:\Program Files\MiKTeX 2.9\tex\latex\base\ot1enc.dfu"
File: ot1enc.dfu 2008/04/05 v1.1m UTF-8 support for inputenc
   defining Unicode char U+00A1 (decimal 161)
   defining Unicode char U+00A3 (decimal 163)
   defining Unicode char U+00B8 (decimal 184)
   defining Unicode char U+00BF (decimal 191)
   defining Unicode char U+00C5 (decimal 197)
   defining Unicode char U+00C6 (decimal 198)
   defining Unicode char U+00D8 (decimal 216)
   defining Unicode char U+00DF (decimal 223)
   defining Unicode char U+00E6 (decimal 230)
   defining Unicode char U+00EC (decimal 236)
   defining Unicode char U+00ED (decimal 237)
   defining Unicode char U+00EE (decimal 238)
   defining Unicode char U+00EF (decimal 239)
   defining Unicode char U+00F8 (decimal 248)
   defining Unicode char U+0131 (decimal 305)
   defining Unicode char U+0141 (decimal 321)
   defining Unicode char U+0142 (decimal 322)
   defining Unicode char U+0152 (decimal 338)
   defining Unicode char U+0153 (decimal 339)
   defining Unicode char U+2013 (decimal 8211)
   defining Unicode char U+2014 (decimal 8212)
   defining Unicode char U+2018 (decimal 8216)
   defining Unicode char U+2019 (decimal 8217)
   defining Unicode char U+201C (decimal 8220)
   defining Unicode char U+201D (decimal 8221)
)
Now handling font encoding OMS ...
... processing UTF-8 mapping file for font encoding OMS

("C:\Program Files\MiKTeX 2.9\tex\latex\base\omsenc.dfu"
File: omsenc.dfu 2008/04/05 v1.1m UTF-8 support for inputenc
   defining Unicode char U+00A7 (decimal 167)
   defining Unicode char U+00B6 (decimal 182)
   defining Unicode char U+00B7 (decimal 183)
   defining Unicode char U+2020 (decimal 8224)
   defining Unicode char U+2021 (decimal 8225)
   defining Unicode char U+2022 (decimal 8226)
)
Now handling font encoding OMX ...
... no UTF-8 mapping file for font encoding OMX
Now handling font encoding U ...
... no UTF-8 mapping file for font encoding U
   defining Unicode char U+00A9 (decimal 169)
   defining Unicode char U+00AA (decimal 170)
   defining Unicode char U+00AE (decimal 174)
   defining Unicode char U+00BA (decimal 186)
   defining Unicode char U+02C6 (decimal 710)
   defining Unicode char U+02DC (decimal 732)
   defining Unicode char U+200C (decimal 8204)
   defining Unicode char U+2026 (decimal 8230)
   defining Unicode char U+2122 (decimal 8482)
   defining Unicode char U+2423 (decimal 9251)
)) ("C:\Program Files\MiKTeX 2.9\tex\latex\graphics\color.sty"
Package: color 2005/11/14 v1.0j Standard LaTeX Color (DPC)

("C:\Program Files\MiKTeX 2.9\tex\latex\00miktex\color.cfg"
File: color.cfg 2007/01/18 v1.5 color configuration of teTeX/TeXLive
)
Package color Info: Driver file: pdftex.def on input line 130.

("C:\Program Files\MiKTeX 2.9\tex\latex\pdftex-def\pdftex.def"
File: pdftex.def 2011/05/27 v0.06d Graphics/color for pdfTeX

("C:\Program Files\MiKTeX 2.9\tex\generic\oberdiek\infwarerr.sty"
Package: infwarerr 2010/04/08 v1.3 Providing info/warning/error messages (HO)
)
("C:\Program Files\MiKTeX 2.9\tex\generic\oberdiek\ltxcmds.sty"
Package: ltxcmds 2011/11/09 v1.22 LaTeX kernel commands for general use (HO)
)
\Gread@gobject=\count90
))
("C:\Program Files\MiKTeX 2.9\tex\latex\graphics\graphicx.sty"
Package: graphicx 1999/02/16 v1.0f Enhanced LaTeX Graphics (DPC,SPQR)

("C:\Program Files\MiKTeX 2.9\tex\latex\graphics\graphics.sty"
Package: graphics 2009/02/05 v1.0o Standard LaTeX Graphics (DPC,SPQR)
 ("C:\Program Files\MiKTeX 2.9\tex\latex\graphics\trig.sty"
Package: trig 1999/03/16 v1.09 sin cos tan (DPC)
) ("C:\Program Files\MiKTeX 2.9\tex\latex\00miktex\graphics.cfg"
File: graphics.cfg 2007/01/18 v1.5 graphics configuration of teTeX/TeXLive
)
Package graphics Info: Driver file: pdftex.def on input line 91.
)
\Gin@req@height=\dimen103
\Gin@req@width=\dimen104
)
(C:\Users\default.Worklap\AppData\Roaming\MiKTeX\2.9\tex\latex\sidecap\sidecap.sty
Package: sidecap 2003/06/06 v1.6f SideCap Package (RN/HjG)
\SC@BOXWD=\dimen105
\SC@CAPWD=\dimen106
\SC@tempdima=\dimen107
\SC@tempdimb=\dimen108
\c@SC@C=\count91
\SC@BOX=\box27
)
("C:\Program Files\MiKTeX 2.9\tex\latex\amsmath\amsmath.sty"
Package: amsmath 2013/01/14 v2.14 AMS math features
\@mathmargin=\skip48

For additional information on amsmath, use the `?' option.
("C:\Program Files\MiKTeX 2.9\tex\latex\amsmath\amstext.sty"
Package: amstext 2000/06/29 v2.01
 ("C:\Program Files\MiKTeX 2.9\tex\latex\amsmath\amsgen.sty"
File: amsgen.sty 1999/11/30 v2.0
\@emptytoks=\toks17
\ex@=\dimen109
)) ("C:\Program Files\MiKTeX 2.9\tex\latex\amsmath\amsbsy.sty"
Package: amsbsy 1999/11/29 v1.2d
\pmbraise@=\dimen110
)
("C:\Program Files\MiKTeX 2.9\tex\latex\amsmath\amsopn.sty"
Package: amsopn 1999/12/14 v2.01 operator names
)
\inf@bad=\count92
LaTeX Info: Redefining \frac on input line 210.
\uproot@=\count93
\leftroot@=\count94
LaTeX Info: Redefining \overline on input line 306.
\classnum@=\count95
\DOTSCASE@=\count96
LaTeX Info: Redefining \ldots on input line 378.
LaTeX Info: Redefining \dots on input line 381.
LaTeX Info: Redefining \cdots on input line 466.
\Mathstrutbox@=\box28
\strutbox@=\box29
\big@size=\dimen111
LaTeX Font Info:    Redeclaring font encoding OML on input line 566.
LaTeX Font Info:    Redeclaring font encoding OMS on input line 567.
\macc@depth=\count97
\c@MaxMatrixCols=\count98
\dotsspace@=\muskip10
\c@parentequation=\count99
\dspbrk@lvl=\count100
\tag@help=\toks18
\row@=\count101
\column@=\count102
\maxfields@=\count103
\andhelp@=\toks19
\eqnshift@=\dimen112
\alignsep@=\dimen113
\tagshift@=\dimen114
\tagwidth@=\dimen115
\totwidth@=\dimen116
\lineht@=\dimen117
\@envbody=\toks20
\multlinegap=\skip49
\multlinetaggap=\skip50
\mathdisplay@stack=\toks21
LaTeX Info: Redefining \[ on input line 2665.
LaTeX Info: Redefining \] on input line 2666.
)
(C:\Users\default.Worklap\AppData\Roaming\MiKTeX\2.9\tex\latex\units\nicefrac.sty
Package: nicefrac 1998/08/04 v0.9b Nice fractions
\L@UnitsRaiseDisplaystyle=\skip51
\L@UnitsRaiseTextstyle=\skip52
\L@UnitsRaiseScriptstyle=\skip53
)
(C:\Users\default.Worklap\AppData\Roaming\MiKTeX\2.9\tex\latex\setspace\setspace.sty
Package: setspace 2011/12/19 v6.7a set line spacing
)
(C:\Users\default.Worklap\AppData\Roaming\MiKTeX\2.9\tex\latex\tocloft\tocloft.sty
Package: tocloft 2013/05/02 v2.3f parameterised ToC, etc., typesetting
Package tocloft Info: The document has chapter divisions on input line 44.
\cftparskip=\skip54
\cftbeforetoctitleskip=\skip55
\cftaftertoctitleskip=\skip56
\cftbeforepartskip=\skip57
\cftpartnumwidth=\skip58
\cftpartindent=\skip59
\cftbeforechapskip=\skip60
\cftchapindent=\skip61
\cftchapnumwidth=\skip62
\cftbeforesecskip=\skip63
\cftsecindent=\skip64
\cftsecnumwidth=\skip65
\cftbeforesubsecskip=\skip66
\cftsubsecindent=\skip67
\cftsubsecnumwidth=\skip68
\cftbeforesubsubsecskip=\skip69
\cftsubsubsecindent=\skip70
\cftsubsubsecnumwidth=\skip71
\cftbeforeparaskip=\skip72
\cftparaindent=\skip73
\cftparanumwidth=\skip74
\cftbeforesubparaskip=\skip75
\cftsubparaindent=\skip76
\cftsubparanumwidth=\skip77
\cftbeforeloftitleskip=\skip78
\cftafterloftitleskip=\skip79
\cftbeforefigskip=\skip80
\cftfigindent=\skip81
\cftfignumwidth=\skip82
\c@lofdepth=\count104
\c@lotdepth=\count105
\cftbeforelottitleskip=\skip83
\cftafterlottitleskip=\skip84
\cftbeforetabskip=\skip85
\cfttabindent=\skip86
\cfttabnumwidth=\skip87
)
(C:\Users\default.Worklap\AppData\Roaming\MiKTeX\2.9\tex\latex\appendix\appendix.sty
Package: appendix 2009/09/02 v1.2b extra appendix facilities
\c@@pps=\count106
\c@@ppsavesec=\count107
\c@@ppsaveapp=\count108
)
\@indexfile=\write3

Writing index file Diss.idx
("C:\Talks and Posters\2015-xx-Diss\Diss\Diss.aux")
LaTeX Font Info:    Checking defaults for OML/cmm/m/it on input line 53.
LaTeX Font Info:    ... okay on input line 53.
LaTeX Font Info:    Checking defaults for T1/cmr/m/n on input line 53.
LaTeX Font Info:    ... okay on input line 53.
LaTeX Font Info:    Checking defaults for OT1/cmr/m/n on input line 53.
LaTeX Font Info:    ... okay on input line 53.
LaTeX Font Info:    Checking defaults for OMS/cmsy/m/n on input line 53.
LaTeX Font Info:    ... okay on input line 53.
LaTeX Font Info:    Checking defaults for OMX/cmex/m/n on input line 53.
LaTeX Font Info:    ... okay on input line 53.
LaTeX Font Info:    Checking defaults for U/cmr/m/n on input line 53.
LaTeX Font Info:    ... okay on input line 53.

(C:\Users\default.Worklap\AppData\Roaming\MiKTeX\2.9\tex\context\base\supp-pdf.mkii
[Loading MPS to PDF converter (version 2006.09.02).]
\scratchcounter=\count109
\scratchdimen=\dimen118
\scratchbox=\box30
\nofMPsegments=\count110
\nofMParguments=\count111
\everyMPshowfont=\toks22
\MPscratchCnt=\count112
\MPscratchDim=\dimen119
\MPnumerator=\count113
\makeMPintoPDFobject=\count114
\everyMPtoPDFconversion=\toks23
) (C:\Users\default.Worklap\AppData\Roaming\MiKTeX\2.9\tex\latex\ms\ragged2e.sty
Package: ragged2e 2009/05/21 v2.1 ragged2e Package (MS)

(C:\Users\default.Worklap\AppData\Roaming\MiKTeX\2.9\tex\latex\ms\everysel.sty
Package: everysel 2011/10/28 v1.2 EverySelectfont Package (MS)
 ABD: EverySelectfont initializing macros
LaTeX Info: Redefining \selectfont on input line 126.
)
\CenteringLeftskip=\skip88
\RaggedLeftLeftskip=\skip89
\RaggedRightLeftskip=\skip90
\CenteringRightskip=\skip91
\RaggedLeftRightskip=\skip92
\RaggedRightRightskip=\skip93
\CenteringParfillskip=\skip94
\RaggedLeftParfillskip=\skip95
\RaggedRightParfillskip=\skip96
\JustifyingParfillskip=\skip97
\CenteringParindent=\skip98
\RaggedLeftParindent=\skip99
\RaggedRightParindent=\skip100
\JustifyingParindent=\skip101
) ("C:\Talks and Posters\2015-xx-Diss\Diss\title_abstract.tex"
Overfull \hbox (58.38432pt too wide) in paragraph at lines 16--16
 [][] 
 []

[1





{C:/Users/default.Worklap/AppData/Local/MiKTeX/2.9/pdftex/config/pdftex.map}]
Underfull \hbox (badness 10000) in paragraph at lines 26--28

 []


Underfull \hbox (badness 10000) in paragraph at lines 28--30

 []


Underfull \hbox (badness 10000) in paragraph at lines 30--32

 []

) [2

] ("C:\Talks and Posters\2015-xx-Diss\Diss\Diss.toc" [1

])
\tf@toc=\write4
 [2]
Chapter 1.
("C:\Talks and Posters\2015-xx-Diss\Diss\Introduction.tex" [3

] [4] [5] [6] [7] [8])
("C:\Talks and Posters\2015-xx-Diss\Diss\Methods.tex" [9]
Chapter 2.
<images/StoppinginAuandC.png, id=50, 2143.00626pt x 807.015pt>
File: images/StoppinginAuandC.png Graphic file (type png)
 <use images/StoppinginAuandC.png>
Package pdftex.def Info: images/StoppinginAuandC.png used on input line 21.
(pdftex.def)             Requested size: 364.31117pt x 137.19073pt.


LaTeX Warning: `h' float specifier changed to `ht'.

[10

] [11 <C:/Talks and Posters/2015-xx-Diss/Diss/images/StoppinginAuandC.png>] [12] [13] [14]
<images/SiSicollision.png, id=70, 1647.15375pt x 875.27pt>
File: images/SiSicollision.png Graphic file (type png)
 <use images/SiSicollision.png>
Package pdftex.def Info: images/SiSicollision.png used on input line 61.
(pdftex.def)             Requested size: 275.99178pt x 146.65704pt.
 [15 <C:/Talks and Posters/2015-xx-Diss/Diss/images/SiSicollision.png>] <images/anglesigmund.jpg, id=75, 880.28876pt x 1
299.85625pt>
File: images/anglesigmund.jpg Graphic file (type jpg)

<use images/anglesigmund.jpg>
Package pdftex.def Info: images/anglesigmund.jpg used on input line 74.
(pdftex.def)             Requested size: 165.59393pt x 244.51581pt.


LaTeX Warning: `h' float specifier changed to `ht'.

[16] [17 <C:/Talks and Posters/2015-xx-Diss/Diss/images/anglesigmund.jpg>]
<images/radiussigmund.jpg, id=83, 809.0225pt x 851.18pt>
File: images/radiussigmund.jpg Graphic file (type jpg)
 <use images/radiussigmund.jpg>
Package pdftex.def Info: images/radiussigmund.jpg used on input line 91.
(pdftex.def)             Requested size: 165.59393pt x 174.22028pt.
 [18 <C:/Talks and Posters/2015-xx-Diss/Diss/images/radiussigmund.jpg>] [19] [20] [21] [22] <images/voxel.jpg, id=99, 12
93.83376pt x 1264.725pt>
File: images/voxel.jpg Graphic file (type jpg)

<use images/voxel.jpg>
Package pdftex.def Info: images/voxel.jpg used on input line 124.
(pdftex.def)             Requested size: 183.99452pt x 179.83922pt.


LaTeX Warning: `h' float specifier changed to `ht'.

[23] [24 <C:/Talks and Posters/2015-xx-Diss/Diss/images/voxel.jpg>] [25]
Chapter 3.
[26

] <images/ZnOnanowires.jpg, id=113, 612.2875pt x 332.24126pt>
File: images/ZnOnanowires.jpg Graphic file (type jpg)
 <use images/ZnOnanowires.jpg>
Package pdftex.def Info: images/ZnOnanowires.jpg used on input line 159.
(pdftex.def)             Requested size: 183.99452pt x 99.83536pt.

Underfull \hbox (badness 1215) in paragraph at lines 162--162
\OML/cmm/m/it/10.95 ZnO$ \OT1/cmr/m/n/10.95 nano-wires on a sap-phire
 []

[27 <C:/Talks and Posters/2015-xx-Diss/Diss/images/ZnOnanowires.jpg>]
<images/SEMarray.jpg, id=117, 1280.785pt x 738.76pt>
File: images/SEMarray.jpg Graphic file (type jpg)
 <use images/SEMarray.jpg>
Package pdftex.def Info: images/SEMarray.jpg used on input line 168.
(pdftex.def)             Requested size: 183.99452pt x 106.11983pt.

Underfull \hbox (badness 10000) in paragraph at lines 171--171
[] []|\OT1/cmr/m/n/10.95 SEM im-ages of the
 []


Underfull \hbox (badness 1097) in paragraph at lines 171--171
\OT1/cmr/m/n/10.95 the right, the num-bers etched
 []


Underfull \hbox (badness 1675) in paragraph at lines 171--171
\OT1/cmr/m/n/10.95 into the sub-strate un-der each
 []

[28 <C:/Talks and Posters/2015-xx-Diss/Diss/images/SEMarray.jpg>]
<images/RHTfotoscematic.png, id=121, 1177.39874pt x 604.2575pt>
File: images/RHTfotoscematic.png Graphic file (type png)
 <use images/RHTfotoscematic.png>
Package pdftex.def Info: images/RHTfotoscematic.png used on input line 190.
(pdftex.def)             Requested size: 294.39235pt x 151.08244pt.
 [29] [30 <C:/Talks and Posters/2015-xx-Diss/Diss/images/RHTfotoscematic.png>] [31] [32] [33])
("C:\Talks and Posters\2015-xx-Diss\Diss\Sputtering.tex" [34]
Chapter 4.
<images/sputtering_diameter_energy.png, id=142, 1468.48625pt x 1018.80624pt>
File: images/sputtering_diameter_energy.png Graphic file (type png)

<use images/sputtering_diameter_energy.png>
Package pdftex.def Info: images/sputtering_diameter_energy.png used on input line 18.
(pdftex.def)             Requested size: 331.18788pt x 229.76561pt.
 [35

] [36 <C:/Talks and Posters/2015-xx-Diss/Diss/images/sputtering_diameter_energy.png>] [37] <images/redeposit.jpg, id=154
, 788.9475pt x 782.925pt>
File: images/redeposit.jpg Graphic file (type jpg)
 <use images/redeposit.jpg>
Package pdftex.def Info: images/redeposit.jpg used on input line 38.
(pdftex.def)             Requested size: 165.59393pt x 164.32353pt.
 [38 <C:/Talks and Posters/2015-xx-Diss/Diss/images/redeposit.jpg>] <images/anglesredeposition.jpg, id=158, 1187.43625pt
 x 512.91624pt>
File: images/anglesredeposition.jpg Graphic file (type jpg)

<use images/anglesredeposition.jpg>
Package pdftex.def Info: images/anglesredeposition.jpg used on input line 66.
(pdftex.def)             Requested size: 257.5912pt x 111.2688pt.
 [39] [40 <C:/Talks and Posters/2015-xx-Diss/Diss/images/anglesredeposition.jpg>]
<images/sputter_exp.png, id=165, 1579.9025pt x 807.015pt>
File: images/sputter_exp.png Graphic file (type png)
 <use images/sputter_exp.png>
Package pdftex.def Info: images/sputter_exp.png used on input line 108.
(pdftex.def)             Requested size: 349.58846pt x 178.5659pt.
 [41] [42 <C:/Talks and Posters/2015-xx-Diss/Diss/images/sputter_exp.png>] [43] <images/EBSD.jpg, id=177, 933.4875pt x 1
069.9975pt>
File: images/EBSD.jpg Graphic file (type jpg)
 <use images/EBSD.jpg>
Package pdftex.def Info: images/EBSD.jpg used on input line 123.
(pdftex.def)             Requested size: 128.7984pt x 147.62715pt.

Underfull \hbox (badness 3612) in paragraph at lines 126--126
[] []|\OT1/cmr/m/n/10.95 The Kikuchi pat-tern a) clearly
 []

[44 <C:/Talks and Posters/2015-xx-Diss/Diss/images/EBSD.jpg>] [45]) ("C:\Talks and Posters\2015-xx-Diss\Diss\high.tex"
[46]
Chapter 5.
[47

] <images/iradinacrosssection.png, id=191, 1423.3175pt x 738.76pt>
File: images/iradinacrosssection.png Graphic file (type png)
 <use images/iradinacrosssection.png>
Package pdftex.def Info: images/iradinacrosssection.png used on input line 12.
(pdftex.def)             Requested size: 294.39235pt x 152.79948pt.
 [48 <C:/Talks and Posters/2015-xx-Diss/Diss/images/iradinacrosssection.png>] <images/XRFSEM.jpg, id=196, 1561.835pt x 6
04.2575pt>
File: images/XRFSEM.jpg Graphic file (type jpg)

<use images/XRFSEM.jpg>
Package pdftex.def Info: images/XRFSEM.jpg used on input line 29.
(pdftex.def)             Requested size: 294.39235pt x 113.89731pt.
 [49 <C:/Talks and Posters/2015-xx-Diss/Diss/images/XRFSEM.jpg>]
<images/MnZn1.png, id=200, 1515.6625pt x 794.97pt>
File: images/MnZn1.png Graphic file (type png)
 <use images/MnZn1.png>
Package pdftex.def Info: images/MnZn1.png used on input line 43.
(pdftex.def)             Requested size: 323.83215pt x 169.84775pt.


LaTeX Warning: `h' float specifier changed to `ht'.

[50] <images/MnZn2.png, id=204, 1423.3175pt x 736.7525pt>
File: images/MnZn2.png Graphic file (type png)
 <use images/MnZn2.png>
Package pdftex.def Info: images/MnZn2.png used on input line 53.
(pdftex.def)             Requested size: 312.79292pt x 161.90617pt.
 [51 <C:/Talks and Posters/2015-xx-Diss/Diss/images/MnZn1.png>] <images/SEMbreak2.jpg, id=209, 1106.1325pt x 401.5pt>
File: images/SEMbreak2.jpg Graphic file (type jpg)
 <use images/SEMbreak2.jpg>
Package pdftex.def Info: images/SEMbreak2.jpg used on input line 66.
(pdftex.def)             Requested size: 294.39235pt x 106.85646pt.


LaTeX Warning: `h' float specifier changed to `ht'.

[52 <C:/Talks and Posters/2015-xx-Diss/Diss/images/MnZn2.png>] [53 <C:/Talks and Posters/2015-xx-Diss/Diss/images/SEMbre
ak2.jpg>] <images/staticsputteryield.png, id=218, 792.8019pt x 539.8569pt>
File: images/staticsputteryield.png Graphic file (type png)
 <use images/staticsputteryield.png>
Package pdftex.def Info: images/staticsputteryield.png used on input line 89.
(pdftex.def)             Requested size: 257.5912pt x 175.41022pt.


LaTeX Warning: `h' float specifier changed to `ht'.

[54] <images/sputterincorporate.png, id=222, 1430.34375pt x 872.25874pt>
File: images/sputterincorporate.png Graphic file (type png)
 <use images/sputterincorporate.png>
Package pdftex.def Info: images/sputterincorporate.png used on input line 100.
(pdftex.def)             Requested size: 294.39235pt x 179.5196pt.
 [55 <C:/Talks and Posters/2015-xx-Diss/Diss/images/staticsputteryield.png>] [56 <C:/Talks and Posters/2015-xx-Diss/Diss
/images/sputterincorporate.png>] <images/pseudodynamic.png, id=231, 793.5246pt x 542.5068pt>
File: images/pseudodynamic.png Graphic file (type png)
 <use images/pseudodynamic.png>
Package pdftex.def Info: images/pseudodynamic.png used on input line 111.
(pdftex.def)             Requested size: 257.5912pt x 176.10567pt.
 [57 <C:/Talks and Posters/2015-xx-Diss/Diss/images/pseudodynamic.png>] [58] [59] [60])
("C:\Talks and Posters\2015-xx-Diss\Diss\plastic.tex" [61]
Chapter 6.
<images/deformSEM.png, id=249, 1268.74pt x 1192.455pt>
File: images/deformSEM.png Graphic file (type png)
 <use images/deformSEM.png>
Package pdftex.def Info: images/deformSEM.png used on input line 13.
(pdftex.def)             Requested size: 165.59393pt x 155.62503pt.

Underfull \hbox (badness 10000) in paragraph at lines 16--16
\OT1/cmr/m/n/10.95 grown $\OML/cmm/m/it/10.95 Si$ \OT1/cmr/m/n/10.95 nano-wires be-fore
 []


Underfull \hbox (badness 6708) in paragraph at lines 16--16
\OT1/cmr/m/n/10.95 sam-ples ir-ra-di-ated with the
 []

[62

] <images/deformationprofileandSEM.jpg, id=253, 2302.6025pt x 908.39375pt>
File: images/deformationprofileandSEM.jpg Graphic file (type jpg)
 <use images/deformationprofileandSEM.jpg>
Package pdftex.def Info: images/deformationprofileandSEM.jpg used on input line 23.
(pdftex.def)             Requested size: 364.31117pt x 143.71037pt.

[63 <C:/Talks and Posters/2015-xx-Diss/Diss/images/deformSEM.png>] [64 <C:/Talks and Posters/2015-xx-Diss/Diss/images/de
formationprofileandSEM.jpg>] <images/MTRillustration.png, id=261, 870.25125pt x 746.79pt>
File: images/MTRillustration.png Graphic file (type png)

<use images/MTRillustration.png>
Package pdftex.def Info: images/MTRillustration.png used on input line 48.
(pdftex.def)             Requested size: 110.39783pt x 94.72731pt.
 [65 <C:/Talks and Posters/2015-xx-Diss/Diss/images/MTRillustration.png>]
<images/MTReval.png, id=267, 775.4571pt x 530.2209pt>
File: images/MTReval.png Graphic file (type png)
 <use images/MTReval.png>
Package pdftex.def Info: images/MTReval.png used on input line 57.
(pdftex.def)             Requested size: 183.99452pt x 125.79932pt.
 [66 <C:/Talks and Posters/2015-xx-Diss/Diss/images/MTReval.png>] [67] <images/deformationBCA.jpg, id=275, 1316.92pt x 1
115.16624pt>
File: images/deformationBCA.jpg Graphic file (type jpg)

<use images/deformationBCA.jpg>
Package pdftex.def Info: images/deformationBCA.jpg used on input line 73.
(pdftex.def)             Requested size: 331.18788pt x 280.44144pt.


LaTeX Warning: `h' float specifier changed to `ht'.

[68] [69] [70 <C:/Talks and Posters/2015-xx-Diss/Diss/images/deformationBCA.jpg>]
<images/reverseFIB.jpg, id=285, 2268.475pt x 383.4325pt>
File: images/reverseFIB.jpg Graphic file (type jpg)
 <use images/reverseFIB.jpg>
Package pdftex.def Info: images/reverseFIB.jpg used on input line 89.
(pdftex.def)             Requested size: 364.31117pt x 61.57277pt.
 [71

]
<images/reverseangle.jpg, id=290, 1189.44376pt x 1102.1175pt>
File: images/reverseangle.jpg Graphic file (type jpg)
 <use images/reverseangle.jpg>
Package pdftex.def Info: images/reverseangle.jpg used on input line 98.
(pdftex.def)             Requested size: 364.31117pt x 337.54956pt.
 [72 <C:/Talks and Posters/2015-xx-Diss/Diss/images/reverseFIB.jpg>] [73 <C:/Talks and Posters/2015-xx-Diss/Diss/images/
reverseangle.jpg>] [74]
[75] <images/deformationmodel.jpg, id=303, 1533.73pt x 1276.77pt>
File: images/deformationmodel.jpg Graphic file (type jpg)
 <use images/deformationmodel.jpg>
Package pdftex.def Info: images/deformationmodel.jpg used on input line 114.
(pdftex.def)             Requested size: 227.62204pt x 189.48111pt.
 [76 <C:/Talks and Posters/2015-xx-Diss/Diss/images/deformationmodel.jpg>] [77] [78] [79] [80])
("C:\Talks and Posters\2015-xx-Diss\Diss\Summary.tex" [81]
Chapter 7.
[82

] [83] [84] [85] [86]) [87] ("C:\Talks and Posters\2015-xx-Diss\Diss\Diss.bbl"
Underfull \hbox (badness 10000) in paragraph at lines 19--23
[]\OT1/cmr/m/n/10.95 Advanced Func-tional Ma-te-ri-als.
 []


Overfull \hbox (5.39041pt too wide) in paragraph at lines 19--23
\OT1/cmr/m/it/10.95 http://onlinelibrary.wiley.com/journal/10.1002/(ISSN)1616-
 []

[88

]
Underfull \hbox (badness 10000) in paragraph at lines 56--61
\OT1/cmr/m/n/10.95 Mag-netic Su-per-lat-tices.  \OT1/cmr/m/it/10.95 Phys-i-cal Re-view Let-ters\OT1/cmr/m/n/10.95 ,
 []

[89]
Underfull \hbox (badness 6110) in paragraph at lines 111--119
[]\OT1/cmr/m/n/10.95 Christian Borschel, Maria E. Mess-ing, Mag-nus T.
 []


Underfull \hbox (badness 2269) in paragraph at lines 111--119
\OT1/cmr/m/n/10.95 tron-ics: Highly Mn-Doped GaAs Nano-wires Re-al-ized
 []


Underfull \hbox (badness 1584) in paragraph at lines 111--119
\OT1/cmr/m/n/10.95 by Ion-Implantation un-der Dy-namic An-neal-ing Con-di-
 []

[90]
Underfull \hbox (badness 2326) in paragraph at lines 157--161
[]\OT1/cmr/m/n/10.95 Omar Bobes, Kun Zhang, and Hans Hofsass.  Ion
 []

[91]
Underfull \hbox (badness 1005) in paragraph at lines 196--201
[]\OT1/cmr/m/n/10.95 B. Q. Cao, J. Zu-niga{Perez, C. Czekalla, H. Hilmer,
 []


Underfull \hbox (badness 1603) in paragraph at lines 196--201
\OT1/cmr/m/n/10.95 J. Lenzner, N. Boukos, A. Trav-los, M. Lorenz, and
 []

[92]
Underfull \hbox (badness 7613) in paragraph at lines 217--223
[]\OT1/cmr/m/n/10.95 Gv Ded-kov.  The In-ter-atomic In-ter-ac-tion Po-ten-
 []


Underfull \hbox (badness 1609) in paragraph at lines 217--223
\OT1/cmr/m/n/10.95 tials in Ra-di-a-tion Physics.  \OT1/cmr/m/it/10.95 Phys-ica Sta-tus So-lidi a-
 []


Underfull \hbox (badness 1237) in paragraph at lines 250--254
[]\OT1/cmr/m/n/10.95 T. van Dillen, A. Pol-man, W. Fukarek, and A. van
 []

[93] [94]
Underfull \hbox (badness 1152) in paragraph at lines 333--340
\OT1/cmr/m/n/10.95 Manh-Hung Chu, Jaime Segura-Ruiz, Gema Martnez-
 []


Underfull \hbox (badness 10000) in paragraph at lines 342--346
[]\OT1/cmr/m/n/10.95 R. Glocker and H. Schreiber.  Quan-ti-ta-tive
 []


Underfull \hbox (badness 10000) in paragraph at lines 342--346
\OT1/cmr/m/n/10.95 Rontgenspektralanalyse mit Kalter-re-gung des Spek-
 []

[95] [96] [97] [98] [99]
Underfull \hbox (badness 2582) in paragraph at lines 537--542
[]\OT1/cmr/m/n/10.95 Detlef Kram-czyn-ski, Bern-hard Reuscher, and Hu-bert
 []


Underfull \hbox (badness 7851) in paragraph at lines 558--563
[]\OT1/cmr/m/n/10.95 J. Lind-hard.  On the Prop-er-ties of a Gas of
 []

[100] [101]
Underfull \hbox (badness 3343) in paragraph at lines 658--663
\OT1/cmr/m/n/10.95 Teilchen .1.  \OT1/cmr/m/it/10.95 Zeitschrift Fur Natur-forschung Sec-tion
 []


Underfull \hbox (badness 1997) in paragraph at lines 658--663
\OT1/cmr/m/it/10.95 a-a Jour-nal of Phys-i-cal Sci-ences\OT1/cmr/m/n/10.95 , 2(3):133--145, 1947.
 []


Underfull \hbox (badness 2134) in paragraph at lines 665--673
[]\OT1/cmr/m/n/10.95 J. Mei-jer, T. Vo-gel, B. Bur-chard, I. W. Rangelow,
 []


Underfull \hbox (badness 2529) in paragraph at lines 665--673
\OT1/cmr/m/n/10.95 L. Bischoff, J. Wrachtrup, M. Domhan, F. Jelezko,
 []


Underfull \hbox (badness 3612) in paragraph at lines 665--673
\OT1/cmr/m/n/10.95 Kaler.  Con-cept of de-ter-min-is-tic sin-gle ion dop-ing
 []


Underfull \hbox (badness 2538) in paragraph at lines 665--673
\OT1/cmr/m/n/10.95 with sub-nm spa-tial res-o-lu-tion.  \OT1/cmr/m/it/10.95 Ap-plied Physics a-
 []

[102] [103] [104] [105]
Underfull \hbox (badness 1436) in paragraph at lines 820--824
[]\OT1/cmr/m/n/10.95 F. Pa-tol-sky, G. Zheng, O. Hay-den, M. Lakadamyali,
 []


Underfull \hbox (badness 1983) in paragraph at lines 844--850
[]\OT1/cmr/m/n/10.95 Johannes Schin-delin, Ig-na-cio Arganda-Carreras, Er-win
 []


Underfull \hbox (badness 1152) in paragraph at lines 844--850
\OT1/cmr/m/n/10.95 Frise, Ver-ena Kaynig, Mark Lon-gair, To-bias Piet-zsch,
 []

[106] [107]
Underfull \hbox (badness 1701) in paragraph at lines 899--902
\OT1/cmr/m/n/10.95 by ion bom-bard-ment.  \OT1/cmr/m/it/10.95 Jour-nal of Ma-te-ri-als Sci-ence\OT1/cmr/m/n/10.95 ,
 []

[108] [109] [110] [111]) ("C:\Talks and Posters\2015-xx-Diss\Diss\apendix.tex" [112] [113] [114


]
Appendix A.

Overfull \hbox (0.29643pt too wide) in paragraph at lines 16--19
\OT1/cmr/m/n/10.95 Anomalous Plas-tic De-for-ma-tion and Sput-ter-ing of Ion Ir-ra-di-ated Sil-i-con Nano-
 []

[115

]
Overfull \hbox (9.5938pt too wide) in paragraph at lines 46--49
[]\OT1/cmr/m/n/10.95 Atomic-scale struc-ture, cation dis-tri-bu-tion, and bandgap bow-ing in Cu(In,Ga)S$[]$
 []

[116]
Appendix B.
[117

] [118]
Appendix C.

Overfull \hbox (20.10379pt too wide) in paragraph at lines 101--102
[]\OT1/cmr/m/n/10.95 Die Vorge-hensweise bei der PyMCA Auswer-tung wurde von Gema Martinez-
 []

[119

] [120]
Appendix D.

Overfull \hbox (4.20613pt too wide) in paragraph at lines 123--133
[] 
 []

[121

]
Appendix E.

Overfull \hbox (1.6246pt too wide) in paragraph at lines 145--146
\OT1/cmr/m/n/10.95 meines Aufen-thalts im ``Roten Haus'' un-terstutzt haben. Ange-fan-gen naturlich
 []


Overfull \hbox (4.433pt too wide) in paragraph at lines 145--146
\OT1/cmr/m/n/10.95 bei Carsten Ron-ning: Du hast meinen Wis-senschaftliche Werde-gang tatsachlich
 []


Overfull \hbox (0.23965pt too wide) in paragraph at lines 147--148
[]\OT1/cmr/m/n/10.95 At this point many thanks to Gema Martinez-Criado and Man-fred Burgham-
 []

[122

] [123]
Overfull \hbox (4.52429pt too wide) in paragraph at lines 163--164
\OT1/cmr/m/n/10.95 eine auergewohnliche Schul-bil-dung und ein Studium nach Be-lieben ermoglicht,
 []

) [124] ("C:\Talks and Posters\2015-xx-Diss\Diss\Diss.aux") ) 
Here is how much of TeX's memory you used:
 4486 strings out of 493921
 69585 string characters out of 3147251
 170945 words of memory out of 3000000
 7650 multiletter control sequences out of 15000+200000
 14182 words of font info for 50 fonts, out of 3000000 for 9000
 853 hyphenation exceptions out of 8191
 39i,15n,55p,2235b,384s stack positions out of 5000i,500n,10000p,200000b,50000s
<C:/Program Files/MiKTeX 2.9/fonts/type1/public/amsfonts/cm
/cmbx10.pfb><C:/Program Files/MiKTeX 2.9/fonts/type1/public/amsfonts/cm/cmbx12.pfb><C:/Program Files/MiKTeX 2.9/fonts/ty
pe1/public/amsfonts/cm/cmex10.pfb><C:/Program Files/MiKTeX 2.9/fonts/type1/public/amsfonts/cm/cmmi10.pfb><C:/Program Fil
es/MiKTeX 2.9/fonts/type1/public/amsfonts/cm/cmmi8.pfb><C:/Program Files/MiKTeX 2.9/fonts/type1/public/amsfonts/cm/cmr10
.pfb><C:/Program Files/MiKTeX 2.9/fonts/type1/public/amsfonts/cm/cmr12.pfb><C:/Program Files/MiKTeX 2.9/fonts/type1/publ
ic/amsfonts/cm/cmr17.pfb><C:/Program Files/MiKTeX 2.9/fonts/type1/public/amsfonts/cm/cmr6.pfb><C:/Program Files/MiKTeX 2
.9/fonts/type1/public/amsfonts/cm/cmr8.pfb><C:/Program Files/MiKTeX 2.9/fonts/type1/public/amsfonts/cm/cmsl12.pfb><C:/Pr
ogram Files/MiKTeX 2.9/fonts/type1/public/amsfonts/cm/cmssbx10.pfb><C:/Program Files/MiKTeX 2.9/fonts/type1/public/amsfo
nts/cm/cmsy10.pfb><C:/Program Files/MiKTeX 2.9/fonts/type1/public/amsfonts/cm/cmsy8.pfb><C:/Program Files/MiKTeX 2.9/fon
ts/type1/public/amsfonts/cm/cmti10.pfb>
Output written on Diss.pdf (126 pages, 10895014 bytes).
PDF statistics:
 510 PDF objects out of 1000 (max. 8388607)
 0 named destinations out of 1000 (max. 500000)
 146 words of extra memory for PDF output out of 10000 (max. 10000000)

